<html>
<head>
<title>TestNG:  Default test</title>
<link href="../testng.css" rel="stylesheet" type="text/css" />
<link href="../my-testng.css" rel="stylesheet" type="text/css" />

<style type="text/css">
.log { display: none;} 
.stack-trace { display: none;} 
</style>
<script type="text/javascript">
<!--
function flip(e) {
  current = e.style.display;
  if (current == 'block') {
    e.style.display = 'none';
    return 0;
  }
  else {
    e.style.display = 'block';
    return 1;
  }
}

function toggleBox(szDivId, elem, msg1, msg2)
{
  var res = -1;  if (document.getElementById) {
    res = flip(document.getElementById(szDivId));
  }
  else if (document.all) {
    // this is the way old msie versions work
    res = flip(document.all[szDivId]);
  }
  if(elem) {
    if(res == 0) elem.innerHTML = msg1; else elem.innerHTML = msg2;
  }

}

function toggleAllBoxes() {
  if (document.getElementsByTagName) {
    d = document.getElementsByTagName('div');
    for (i = 0; i < d.length; i++) {
      if (d[i].className == 'log') {
        flip(d[i]);
      }
    }
  }
}

// -->
</script>

</head>
<body>
<h2 align='center'>Default test</h2><table border='1' align="center">
<tr>
<td>Tests passed/Failed/Skipped:</td><td>4/1/0</td>
</tr><tr>
<td>Started on:</td><td>Mon Nov 07 19:21:04 IST 2016</td>
</tr>
<tr><td>Total time:</td><td>1 seconds (1733 ms)</td>
</tr><tr>
<td>Included groups:</td><td></td>
</tr><tr>
<td>Excluded groups:</td><td></td>
</tr>
</table><p/>
<small><i>(Hover the method name to see the test class name)</i></small><p/>
<table width='100%' border='1' class='invocation-failed'>
<tr><td colspan='4' align='center'><b>FAILED TESTS</b></td></tr>
<tr><td><b>Test method</b></td>
<td width="30%"><b>Exception</b></td>
<td width="10%"><b>Time (seconds)</b></td>
<td><b>Instance</b></td>
</tr>
<tr>
<td title='com.sqs.test.java.pdfVerification.PDFVerification.pdfVerification()'><b>pdfVerification</b><br>Test class: com.sqs.test.java.pdfVerification.PDFVerification<br>Parameters: Run5, {TestCaseID=PDFVerification, CheckCount=1, PreText3=, PreText2=, PreText1=, PDF_File=CINV - US, PageNumber=2, Value3=, Value2=, Value1=10/05/2016}<br/>
<a href="#Output-30543115" onClick='toggleBox("Output-30543115", this, "Show output", "Hide output");'>Show output</a>

<a href="#Output-30543115" onClick="toggleAllBoxes();">Show all outputs</a>
<div class='log' id="Output-30543115">
Failed to find content : 10/05/2016 in PDF, on Page Number : 2<br/>
</div>
</td>
<td><div><pre>java.lang.AssertionError: Failed to find content : 10/05/2016 in PDF, on Page Number : 2 expected [true] but found [false]
	at org.testng.Assert.fail(Assert.java:94)
	at org.testng.Assert.failNotEquals(Assert.java:494)
	at org.testng.Assert.assertTrue(Assert.java:42)
	at com.sqs.test.java.pdfVerification.PDFVerification.pdfVerification(PDFVerification.java:54)
	at sun.reflect.NativeMethodAccessorImpl.invoke0(Native Method)
	at sun.reflect.NativeMethodAccessorImpl.invoke(Unknown Source)
	at sun.reflect.DelegatingMethodAccessorImpl.invoke(Unknown Source)
	at java.lang.reflect.Method.invoke(Unknown Source)
	at org.testng.internal.MethodInvocationHelper.invokeMethod(MethodInvocationHelper.java:84)
	at org.testng.internal.Invoker.invokeMethod(Invoker.java:714)
	at org.testng.internal.Invoker.invokeTestMethod(Invoker.java:901)
	at org.testng.internal.Invoker.invokeTestMethods(Invoker.java:1231)
	at org.testng.internal.TestMethodWorker.invokeTestMethods(TestMethodWorker.java:127)
	at org.testng.internal.TestMethodWorker.run(TestMethodWorker.java:111)
	at org.testng.TestRunner.privateRun(TestRunner.java:767)
	at org.testng.TestRunner.run(TestRunner.java:617)
	at org.testng.SuiteRunner.runTest(SuiteRunner.java:334)
	at org.testng.SuiteRunner.runSequentially(SuiteRunner.java:329)
	at org.testng.SuiteRunner.privateRun(SuiteRunner.java:291)
	at org.testng.SuiteRunner.run(SuiteRunner.java:240)
	at org.testng.SuiteRunnerWorker.runSuite(SuiteRunnerWorker.java:52)
	at org.testng.SuiteRunnerWorker.run(SuiteRunnerWorker.java:86)
	at org.testng.TestNG.runSuitesSequentially(TestNG.java:1224)
	at org.testng.TestNG.runSuitesLocally(TestNG.java:1149)
	at org.testng.TestNG.run(TestNG.java:1057)
	at org.testng.remote.RemoteTestNG.run(RemoteTestNG.java:111)
	at org.testng.remote.RemoteTestNG.initAndRun(RemoteTestNG.java:204)
	at org.testng.remote.RemoteTestNG.main(RemoteTestNG.java:175)
</pre></div><a href='#' onClick='toggleBox("stack-trace30543115", this, "Click to show all stack frames", "Click to hide stack frames")'>Click to show all stack frames</a>
<div class='stack-trace' id='stack-trace30543115'><pre>java.lang.AssertionError: Failed to find content : 10/05/2016 in PDF, on Page Number : 2 expected [true] but found [false]
	at org.testng.Assert.fail(Assert.java:94)
	at org.testng.Assert.failNotEquals(Assert.java:494)
	at org.testng.Assert.assertTrue(Assert.java:42)
	at com.sqs.test.java.pdfVerification.PDFVerification.pdfVerification(PDFVerification.java:54)
	at sun.reflect.NativeMethodAccessorImpl.invoke0(Native Method)
	at sun.reflect.NativeMethodAccessorImpl.invoke(Unknown Source)
	at sun.reflect.DelegatingMethodAccessorImpl.invoke(Unknown Source)
	at java.lang.reflect.Method.invoke(Unknown Source)
	at org.testng.internal.MethodInvocationHelper.invokeMethod(MethodInvocationHelper.java:84)
	at org.testng.internal.Invoker.invokeMethod(Invoker.java:714)
	at org.testng.internal.Invoker.invokeTestMethod(Invoker.java:901)
	at org.testng.internal.Invoker.invokeTestMethods(Invoker.java:1231)
	at org.testng.internal.TestMethodWorker.invokeTestMethods(TestMethodWorker.java:127)
	at org.testng.internal.TestMethodWorker.run(TestMethodWorker.java:111)
	at org.testng.TestRunner.privateRun(TestRunner.java:767)
	at org.testng.TestRunner.run(TestRunner.java:617)
	at org.testng.SuiteRunner.runTest(SuiteRunner.java:334)
	at org.testng.SuiteRunner.runSequentially(SuiteRunner.java:329)
	at org.testng.SuiteRunner.privateRun(SuiteRunner.java:291)
	at org.testng.SuiteRunner.run(SuiteRunner.java:240)
	at org.testng.SuiteRunnerWorker.runSuite(SuiteRunnerWorker.java:52)
	at org.testng.SuiteRunnerWorker.run(SuiteRunnerWorker.java:86)
	at org.testng.TestNG.runSuitesSequentially(TestNG.java:1224)
	at org.testng.TestNG.runSuitesLocally(TestNG.java:1149)
	at org.testng.TestNG.run(TestNG.java:1057)
	at org.testng.remote.RemoteTestNG.run(RemoteTestNG.java:111)
	at org.testng.remote.RemoteTestNG.initAndRun(RemoteTestNG.java:204)
	at org.testng.remote.RemoteTestNG.main(RemoteTestNG.java:175)
</pre></div></td>
<td>0</td>
<td>com.sqs.test.java.pdfVerification.PDFVerification@1e0a01f</td></tr>
</table><p>
<table width='100%' border='1' class='invocation-passed'>
<tr><td colspan='4' align='center'><b>PASSED TESTS</b></td></tr>
<tr><td><b>Test method</b></td>
<td width="30%"><b>Exception</b></td>
<td width="10%"><b>Time (seconds)</b></td>
<td><b>Instance</b></td>
</tr>
<tr>
<td title='com.sqs.test.java.pdfVerification.PDFVerification.pdfVerification()'><b>pdfVerification</b><br>Test class: com.sqs.test.java.pdfVerification.PDFVerification<br>Parameters: Run1, {TestCaseID=PDFVerification, CheckCount=1, PreText3=, PreText2=, PreText1=INVOICE DATE:, PDF_File=CINV - US, PageNumber=1, Value3=, Value2=, Value1=10/09/2016}<br/>
<a href="#Output-2446060" onClick='toggleBox("Output-2446060", this, "Show output", "Hide output");'>Show output</a>

<a href="#Output-2446060" onClick="toggleAllBoxes();">Show all outputs</a>
<div class='log' id="Output-2446060">
Content : INVOICE DATE: 10/09/2016 found in PDF, on Page Number : 1<br/>
</div>
</td>
<td></td>
<td>0</td>
<td>com.sqs.test.java.pdfVerification.PDFVerification@1e0a01f</td></tr>
<tr>
<td title='com.sqs.test.java.pdfVerification.PDFVerification.pdfVerification()'><b>pdfVerification</b><br>Test class: com.sqs.test.java.pdfVerification.PDFVerification<br>Parameters: Run2, {TestCaseID=PDFVerification, CheckCount=2, PreText3=, PreText2=, PreText1=CLIENT #:, PDF_File=CINV - US, PageNumber=0, Value3=, Value2=ACCOUNT ACTIVITY, Value1=2445290}<br/>
<a href="#Output-9211343" onClick='toggleBox("Output-9211343", this, "Show output", "Hide output");'>Show output</a>

<a href="#Output-9211343" onClick="toggleAllBoxes();">Show all outputs</a>
<div class='log' id="Output-9211343">
Content : CLIENT #: 2445290 found in PDF, on Page Number : 0<br/>
Content : ACCOUNT ACTIVITY found in PDF, on Page Number : 0<br/>
</div>
</td>
<td></td>
<td>0</td>
<td>com.sqs.test.java.pdfVerification.PDFVerification@1e0a01f</td></tr>
<tr>
<td title='com.sqs.test.java.pdfVerification.PDFVerification.pdfVerification()'><b>pdfVerification</b><br>Test class: com.sqs.test.java.pdfVerification.PDFVerification<br>Parameters: Run3, {TestCaseID=PDFVerification, CheckCount=2, PreText3=, PreText2=, PreText1=DUE DATE:, PDF_File=CINV - US, PageNumber=1, Value3=, Value2=Previous Balance, Value1=10/05/2016}<br/>
<a href="#Output-19251035" onClick='toggleBox("Output-19251035", this, "Show output", "Hide output");'>Show output</a>

<a href="#Output-19251035" onClick="toggleAllBoxes();">Show all outputs</a>
<div class='log' id="Output-19251035">
Content : DUE DATE: 10/05/2016 found in PDF, on Page Number : 1<br/>
Content : Previous Balance found in PDF, on Page Number : 1<br/>
</div>
</td>
<td></td>
<td>0</td>
<td>com.sqs.test.java.pdfVerification.PDFVerification@1e0a01f</td></tr>
<tr>
<td title='com.sqs.test.java.pdfVerification.PDFVerification.pdfVerification()'><b>pdfVerification</b><br>Test class: com.sqs.test.java.pdfVerification.PDFVerification<br>Parameters: Run4, {TestCaseID=PDFVerification, CheckCount=3, PreText3=, PreText2=, PreText1=, PDF_File=CINV - US, PageNumber=2, Value3=Reinstatement Fee, Value2=Non-Sufficient Funds/Returned Payment Fee, Value1=Late Fee}<br/>
<a href="#Output-19700380" onClick='toggleBox("Output-19700380", this, "Show output", "Hide output");'>Show output</a>

<a href="#Output-19700380" onClick="toggleAllBoxes();">Show all outputs</a>
<div class='log' id="Output-19700380">
Content : Late Fee found in PDF, on Page Number : 2<br/>
Content : Non-Sufficient Funds/Returned Payment Fee found in PDF, on Page Number : 2<br/>
Content : Reinstatement Fee found in PDF, on Page Number : 2<br/>
</div>
</td>
<td></td>
<td>0</td>
<td>com.sqs.test.java.pdfVerification.PDFVerification@1e0a01f</td></tr>
</table><p>
</body>
</html>