<?xml version="1.0" encoding="UTF-8"?>
<testng-results skipped="0" failed="1" total="5" passed="4">
  <reporter-output>
    <line>
      <![CDATA[Content : INVOICE DATE: 10/09/2016 found in PDF, on Page Number : 1]]>
    </line>
    <line>
      <![CDATA[Content : CLIENT #: 2445290 found in PDF, on Page Number : 1]]>
    </line>
    <line>
      <![CDATA[Content : CLIENT #: 2445290 found in PDF, on Page Number : 1]]>
    </line>
    <line>
      <![CDATA[Content : DUE DATE: 10/05/2016 found in PDF, on Page Number : 0]]>
    </line>
    <line>
      <![CDATA[Content : S S S found in PDF, on Page Number : 0]]>
    </line>
    <line>
      <![CDATA[Content : TOTAL AMOUNT DUE $1,124.00 found in PDF, on Page Number : 0]]>
    </line>
    <line>
      <![CDATA[Content : FEE DISCLOSURES found in PDF, on Page Number : 2]]>
    </line>
    <line>
      <![CDATA[Failed to find content : NEGATIVE TEST in PDF, on Page Number : 2]]>
    </line>
    <line>
      <![CDATA[Content : S S S found in PDF, on Page Number : 0]]>
    </line>
    <line>
      <![CDATA[Content : Previous Balance $532.00 found in PDF, on Page Number : 0]]>
    </line>
    <line>
      <![CDATA[Content : Transaction/Fees $592.00 found in PDF, on Page Number : 0]]>
    </line>
    <line>
      <![CDATA[Content : // FEE DISCLOSURES found in PDF, on Page Number : 0]]>
    </line>
  </reporter-output>
  <suite name="Default suite" duration-ms="4231" started-at="2016-11-23T09:36:08Z" finished-at="2016-11-23T09:36:12Z">
    <groups>
    </groups>
    <test name="Default test" duration-ms="4231" started-at="2016-11-23T09:36:08Z" finished-at="2016-11-23T09:36:12Z">
      <class name="com.sqs.test.java.pdfVerification.PDFVerificationUsingPDFBox">
        <test-method status="PASS" signature="pdfVerification(java.lang.String, java.util.Hashtable)[pri:0, instance:com.sqs.test.java.pdfVerification.PDFVerificationUsingPDFBox@16a9952]" name="pdfVerification" duration-ms="1620" started-at="2016-11-23T15:06:10Z" data-provider="TestDataProvider" finished-at="2016-11-23T15:06:12Z">
          <params>
            <param index="0">
              <value>
                <![CDATA[Run1]]>
              </value>
            </param>
            <param index="1">
              <value>
                <![CDATA[{TestCaseID=PDFVerification, CheckCount=2, PreText4=, PreText3=, PreText2=CLIENT #:, PreText1=INVOICE DATE:, PDF_File=CINV - US, PageNumber=1, Value4=, Value3=, Value2=2445290, Value1=10/09/2016}]]>
              </value>
            </param>
          </params>
          <reporter-output>
            <line>
              <![CDATA[Content : INVOICE DATE: 10/09/2016 found in PDF, on Page Number : 1]]>
            </line>
            <line>
              <![CDATA[Content : CLIENT #: 2445290 found in PDF, on Page Number : 1]]>
            </line>
          </reporter-output>
        </test-method> <!-- pdfVerification -->
        <test-method status="PASS" signature="pdfVerification(java.lang.String, java.util.Hashtable)[pri:0, instance:com.sqs.test.java.pdfVerification.PDFVerificationUsingPDFBox@16a9952]" name="pdfVerification" duration-ms="80" started-at="2016-11-23T15:06:12Z" data-provider="TestDataProvider" finished-at="2016-11-23T15:06:12Z">
          <params>
            <param index="0">
              <value>
                <![CDATA[Run2]]>
              </value>
            </param>
            <param index="1">
              <value>
                <![CDATA[{TestCaseID=PDFVerification, CheckCount=1, PreText4=, PreText3=, PreText2=, PreText1=CLIENT #:, PDF_File=CINV - US, PageNumber=1, Value4=, Value3=, Value2=, Value1=2445290}]]>
              </value>
            </param>
          </params>
          <reporter-output>
            <line>
              <![CDATA[Content : CLIENT #: 2445290 found in PDF, on Page Number : 1]]>
            </line>
          </reporter-output>
        </test-method> <!-- pdfVerification -->
        <test-method status="PASS" signature="pdfVerification(java.lang.String, java.util.Hashtable)[pri:0, instance:com.sqs.test.java.pdfVerification.PDFVerificationUsingPDFBox@16a9952]" name="pdfVerification" duration-ms="249" started-at="2016-11-23T15:06:12Z" data-provider="TestDataProvider" finished-at="2016-11-23T15:06:12Z">
          <params>
            <param index="0">
              <value>
                <![CDATA[Run3]]>
              </value>
            </param>
            <param index="1">
              <value>
                <![CDATA[{TestCaseID=PDFVerification, CheckCount=3, PreText4=, PreText3=TOTAL AMOUNT DUE, PreText2=, PreText1=DUE DATE:, PDF_File=CINV - US, PageNumber=0, Value4=, Value3=$1,124.00, Value2=S S S, Value1=10/05/2016}]]>
              </value>
            </param>
          </params>
          <reporter-output>
            <line>
              <![CDATA[Content : DUE DATE: 10/05/2016 found in PDF, on Page Number : 0]]>
            </line>
            <line>
              <![CDATA[Content : S S S found in PDF, on Page Number : 0]]>
            </line>
            <line>
              <![CDATA[Content : TOTAL AMOUNT DUE $1,124.00 found in PDF, on Page Number : 0]]>
            </line>
          </reporter-output>
        </test-method> <!-- pdfVerification -->
        <test-method status="FAIL" signature="pdfVerification(java.lang.String, java.util.Hashtable)[pri:0, instance:com.sqs.test.java.pdfVerification.PDFVerificationUsingPDFBox@16a9952]" name="pdfVerification" duration-ms="70" started-at="2016-11-23T15:06:12Z" data-provider="TestDataProvider" finished-at="2016-11-23T15:06:12Z">
          <params>
            <param index="0">
              <value>
                <![CDATA[Run4]]>
              </value>
            </param>
            <param index="1">
              <value>
                <![CDATA[{TestCaseID=PDFVerification, CheckCount=2, PreText4=, PreText3=, PreText2=, PreText1=, PDF_File=CINV - US, PageNumber=2, Value4=, Value3=, Value2=NEGATIVE TEST, Value1=FEE DISCLOSURES}]]>
              </value>
            </param>
          </params>
          <exception class="java.lang.AssertionError">
            <message>
              <![CDATA[Failed to find content : NEGATIVE TEST in PDF, on Page Number : 2 expected [true] but found [false]]]>
            </message>
            <full-stacktrace>
              <![CDATA[java.lang.AssertionError: Failed to find content : NEGATIVE TEST in PDF, on Page Number : 2 expected [true] but found [false]
	at org.testng.Assert.fail(Assert.java:94)
	at org.testng.Assert.failNotEquals(Assert.java:494)
	at org.testng.Assert.assertTrue(Assert.java:42)
	at com.sqs.test.java.pdfVerification.PDFVerificationUsingPDFBox.pdfVerification(PDFVerificationUsingPDFBox.java:59)
	at sun.reflect.NativeMethodAccessorImpl.invoke0(Native Method)
	at sun.reflect.NativeMethodAccessorImpl.invoke(Unknown Source)
	at sun.reflect.DelegatingMethodAccessorImpl.invoke(Unknown Source)
	at java.lang.reflect.Method.invoke(Unknown Source)
	at org.testng.internal.MethodInvocationHelper.invokeMethod(MethodInvocationHelper.java:84)
	at org.testng.internal.Invoker.invokeMethod(Invoker.java:714)
	at org.testng.internal.Invoker.invokeTestMethod(Invoker.java:901)
	at org.testng.internal.Invoker.invokeTestMethods(Invoker.java:1231)
	at org.testng.internal.TestMethodWorker.invokeTestMethods(TestMethodWorker.java:127)
	at org.testng.internal.TestMethodWorker.run(TestMethodWorker.java:111)
	at org.testng.TestRunner.privateRun(TestRunner.java:767)
	at org.testng.TestRunner.run(TestRunner.java:617)
	at org.testng.SuiteRunner.runTest(SuiteRunner.java:334)
	at org.testng.SuiteRunner.runSequentially(SuiteRunner.java:329)
	at org.testng.SuiteRunner.privateRun(SuiteRunner.java:291)
	at org.testng.SuiteRunner.run(SuiteRunner.java:240)
	at org.testng.SuiteRunnerWorker.runSuite(SuiteRunnerWorker.java:52)
	at org.testng.SuiteRunnerWorker.run(SuiteRunnerWorker.java:86)
	at org.testng.TestNG.runSuitesSequentially(TestNG.java:1224)
	at org.testng.TestNG.runSuitesLocally(TestNG.java:1149)
	at org.testng.TestNG.run(TestNG.java:1057)
	at org.testng.remote.RemoteTestNG.run(RemoteTestNG.java:111)
	at org.testng.remote.RemoteTestNG.initAndRun(RemoteTestNG.java:204)
	at org.testng.remote.RemoteTestNG.main(RemoteTestNG.java:175)
]]>
            </full-stacktrace>
          </exception> <!-- java.lang.AssertionError -->
          <reporter-output>
            <line>
              <![CDATA[Content : FEE DISCLOSURES found in PDF, on Page Number : 2]]>
            </line>
            <line>
              <![CDATA[Failed to find content : NEGATIVE TEST in PDF, on Page Number : 2]]>
            </line>
          </reporter-output>
        </test-method> <!-- pdfVerification -->
        <test-method status="PASS" signature="pdfVerification(java.lang.String, java.util.Hashtable)[pri:0, instance:com.sqs.test.java.pdfVerification.PDFVerificationUsingPDFBox@16a9952]" name="pdfVerification" duration-ms="247" started-at="2016-11-23T15:06:12Z" data-provider="TestDataProvider" finished-at="2016-11-23T15:06:12Z">
          <params>
            <param index="0">
              <value>
                <![CDATA[Run5]]>
              </value>
            </param>
            <param index="1">
              <value>
                <![CDATA[{TestCaseID=PDFVerification, CheckCount=4, PreText4=, PreText3=Transaction/Fees, PreText2=Previous Balance, PreText1=, PDF_File=CINV - US, PageNumber=0, Value4=// FEE DISCLOSURES, Value3=$592.00, Value2=$532.00, Value1=S S S}]]>
              </value>
            </param>
          </params>
          <reporter-output>
            <line>
              <![CDATA[Content : S S S found in PDF, on Page Number : 0]]>
            </line>
            <line>
              <![CDATA[Content : Previous Balance $532.00 found in PDF, on Page Number : 0]]>
            </line>
            <line>
              <![CDATA[Content : Transaction/Fees $592.00 found in PDF, on Page Number : 0]]>
            </line>
            <line>
              <![CDATA[Content : // FEE DISCLOSURES found in PDF, on Page Number : 0]]>
            </line>
          </reporter-output>
        </test-method> <!-- pdfVerification -->
      </class> <!-- com.sqs.test.java.pdfVerification.PDFVerificationUsingPDFBox -->
    </test> <!-- Default test -->
  </suite> <!-- Default suite -->
</testng-results>
